\BOOKMARK [1][-]{section*.2}{\376\377\000B\000a\000c\000k\000g\000r\000o\000u\000n\000d\000\040\000\046\000\040\000I\000n\000t\000r\000o\000d\000u\000c\000t\000i\000o\000n}{}% 1
\BOOKMARK [1][-]{section*.3}{\376\377\000D\000a\000t\000a\000b\000a\000s\000e\000\040\000H\000i\000g\000h\000-\000L\000e\000v\000e\000l\000\040\000D\000e\000s\000i\000g\000n}{}% 2
\BOOKMARK [2][-]{section*.4}{\376\377\000A\000s\000s\000u\000m\000p\000t\000i\000o\000n\000s}{section*.3}% 3
\BOOKMARK [2][-]{section*.5}{\376\377\000E\000n\000t\000i\000t\000y\000-\000R\000e\000l\000a\000t\000i\000o\000n\000s\000h\000i\000p\000\040\000M\000o\000d\000e\000l}{section*.3}% 4
\BOOKMARK [2][-]{section*.6}{\376\377\000D\000a\000t\000a\000\040\000D\000e\000s\000c\000r\000i\000p\000t\000i\000o\000n}{section*.3}% 5
\BOOKMARK [1][-]{section*.7}{\376\377\000R\000e\000l\000a\000t\000i\000o\000n\000a\000l\000\040\000S\000c\000h\000e\000m\000a}{}% 6
\BOOKMARK [2][-]{section*.8}{\376\377\000S\000t\000r\000o\000n\000g\000\040\000E\000n\000t\000i\000t\000i\000e\000s}{section*.7}% 7
\BOOKMARK [2][-]{section*.9}{\376\377\000M\000e\000r\000g\000e\000d\000\040\000T\000a\000b\000l\000e\000s}{section*.7}% 8
\BOOKMARK [2][-]{section*.10}{\376\377\000W\000e\000a\000k\000\040\000E\000n\000t\000i\000t\000y}{section*.7}% 9
\BOOKMARK [2][-]{section*.11}{\376\377\000R\000e\000l\000a\000t\000i\000o\000n\000s\000h\000i\000p\000s}{section*.7}% 10
\BOOKMARK [1][-]{section*.12}{\376\377\000C\000o\000n\000s\000t\000r\000a\000i\000n\000t\000s}{}% 11
\BOOKMARK [2][-]{section*.13}{\376\377\000P\000r\000i\000m\000a\000r\000y\000\040\000K\000e\000y\000\040\000C\000o\000n\000s\000t\000r\000a\000i\000n\000t\000s}{section*.12}% 12
\BOOKMARK [2][-]{section*.14}{\376\377\000O\000v\000e\000r\000l\000a\000p\000\040\000C\000o\000n\000s\000t\000r\000a\000i\000n\000t\000s}{section*.12}% 13
\BOOKMARK [2][-]{section*.15}{\376\377\000F\000o\000r\000e\000i\000g\000n\000\040\000K\000e\000y\000\040\000C\000o\000n\000s\000t\000r\000a\000i\000n\000t\000s}{section*.12}% 14
\BOOKMARK [2][-]{section*.16}{\376\377\000M\000a\000p\000p\000i\000n\000g\000\040\000C\000a\000r\000d\000i\000n\000a\000l\000i\000t\000i\000e\000s}{section*.12}% 15
\BOOKMARK [2][-]{section*.17}{\376\377\000P\000a\000r\000t\000i\000c\000i\000p\000a\000t\000i\000o\000n\000\040\000C\000o\000n\000s\000t\000r\000a\000i\000n\000t\000s}{section*.12}% 16
\BOOKMARK [1][-]{section*.18}{\376\377\000F\000u\000n\000c\000t\000i\000o\000n\000a\000l\000\040\000D\000e\000p\000e\000n\000d\000e\000n\000c\000i\000e\000s}{}% 17
\BOOKMARK [1][-]{section*.30}{\376\377\000E\000x\000a\000m\000p\000l\000e\000\040\000Q\000u\000e\000r\000i\000e\000s}{}% 18
\BOOKMARK [2][-]{section*.31}{\376\377\000P\000r\000e\000l\000i\000m\000i\000n\000a\000r\000i\000e\000s}{section*.30}% 19
\BOOKMARK [2][-]{section*.32}{\376\377\000S\000e\000t\000-\000U\000p\000\040\000C\000o\000n\000n\000e\000c\000t\000i\000o\000n\000\040\000t\000o\000\040\000D\000a\000t\000a\000b\000a\000s\000e}{section*.30}% 20
\BOOKMARK [2][-]{section*.33}{\376\377\000E\000a\000s\000y\000-\000L\000e\000v\000e\000l\000\040\000Q\000u\000e\000r\000y}{section*.30}% 21
\BOOKMARK [2][-]{section*.35}{\376\377\000M\000e\000d\000i\000u\000m\000-\000L\000e\000v\000e\000l\000\040\000Q\000u\000e\000r\000y}{section*.30}% 22
\BOOKMARK [2][-]{section*.37}{\376\377\000H\000a\000r\000d\000-\000L\000e\000v\000e\000l\000\040\000Q\000u\000e\000r\000y}{section*.30}% 23
\BOOKMARK [1][-]{section*.39}{\376\377\000I\000m\000p\000l\000e\000m\000e\000n\000t\000a\000t\000i\000o\000n}{}% 24
\BOOKMARK [1][-]{section*.40}{\376\377\000G\000U\000I\000\040\000I\000n\000t\000e\000r\000f\000a\000c\000e}{}% 25
\BOOKMARK [1][-]{section*.41}{\376\377\000R\000o\000l\000e\000s\000\040\000o\000f\000\040\000m\000e\000m\000b\000e\000r\000s}{}% 26
\BOOKMARK [2][-]{section*.42}{\376\377\000L\000u\000k\000e\000\040\000Z\000h\000a\000n\000g}{section*.41}% 27
\BOOKMARK [2][-]{section*.43}{\376\377\000J\000i\000a\000m\000u\000\040\000Z\000h\000a\000n\000g}{section*.41}% 28
\BOOKMARK [2][-]{section*.44}{\376\377\000Q\000u\000y\000n\000h\000\040\000N\000g\000u\000y\000e\000n}{section*.41}% 29
\BOOKMARK [1][-]{section*.45}{\376\377\000W\000h\000a\000t\000\040\000w\000e\000\040\000l\000e\000a\000r\000n\000e\000d\000\040\000f\000r\000o\000m\000\040\000t\000h\000i\000s\000\040\000p\000r\000o\000j\000e\000c\000t}{}% 30
